<?xml version="1.0" encoding="UTF-8"?>
<testng-results ignored="0" total="1" passed="1" failed="0" skipped="0">
  <reporter-output>
    <line>
      <![CDATA[--------------Job1 - Login------------]]>
    </line>
  </reporter-output>
  <suite started-at="2024-04-20T12:40:39 IST" name="Surefire suite" finished-at="2024-04-20T12:40:39 IST" duration-ms="84">
    <groups>
    </groups>
    <test started-at="2024-04-20T12:40:39 IST" name="Surefire test" finished-at="2024-04-20T12:40:39 IST" duration-ms="84">
      <class name="Demo.LoginTest">
        <test-method signature="login()[pri:0, instance:Demo.LoginTest@279ad2e3]" started-at="2024-04-20T12:40:39 IST" name="login" finished-at="2024-04-20T12:40:39 IST" duration-ms="11" status="PASS">
          <reporter-output>
            <line>
              <![CDATA[--------------Job1 - Login------------]]>
            </line>
          </reporter-output>
        </test-method> <!-- login -->
      </class> <!-- Demo.LoginTest -->
    </test> <!-- Surefire test -->
  </suite> <!-- Surefire suite -->
</testng-results>
